EVENT: 1 2 1
VERTEX: 0 0 0 0 1 0 0 2
TRACK:  8 -0.264008 0.575274 13.6501 1 0 0 211
TRACK:  9 0.252096 -0.5349 8.94754 1 1 0 -211
EVENT: 2 2 1
VERTEX: 0 0 0 0 1 0 0 2
TRACK:  9 0.205078 -0.560923 0.334305 2 0 0 -211
TRACK:  8 -0.20597 0.561548 0.796185 2 1 0 211
EVENT: 3 2 1
VERTEX: 0 0 0 0 1 0 0 2
TRACK:  8 -0.421535 0.222005 0.25067 3 0 0 211
TRACK:  9 0.470758 -0.240854 -0.506544 3 1 0 -211
EVENT: 4 2 1
VERTEX: 0 0 0 0 1 0 0 2
TRACK:  9 0.457251 0.0329495 -2.02778 4 0 0 -211
TRACK:  8 -0.660491 0.103769 -1.00199 4 1 0 211
EVENT: 5 2 1
VERTEX: 0 0 0 0 1 0 0 2
TRACK:  8 -0.510609 -0.35817 -0.722427 5 0 0 211
TRACK:  9 0.501812 0.323667 -0.380178 5 1 0 -211
EVENT: 6 2 1
VERTEX: 0 0 0 0 1 0 0 2
TRACK:  8 -0.577978 0.0258198 -4.61754 6 0 0 211
TRACK:  9 0.605826 -0.0304399 -2.58715 6 1 0 -211
EVENT: 7 2 1
VERTEX: 0 0 0 0 1 0 0 2
TRACK:  9 -0.448558 -0.475504 60.2642 7 0 0 -211
TRACK:  8 0.25343 0.552301 53.7902 7 1 0 211
EVENT: 8 2 1
VERTEX: 0 0 0 0 1 0 0 2
TRACK:  8 0.381306 0.0451098 3.85037 8 0 0 211
TRACK:  9 -0.507987 0.146678 27.0656 8 1 0 -211
EVENT: 9 2 1
VERTEX: 0 0 0 0 1 0 0 2
TRACK:  9 0.047844 -0.463624 -0.49135 9 0 0 -211
TRACK:  8 -0.0654501 0.468542 0.330675 9 1 0 211
EVENT: 10 2 1
VERTEX: 0 0 0 0 1 0 0 2
TRACK:  8 0.48734 -0.316657 -2.61062 10 0 0 211
TRACK:  9 -0.521795 0.29886 -5.10709 10 1 0 -211
EVENT: 11 2 1
VERTEX: 0 0 0 0 1 0 0 2
TRACK:  8 0.222464 -0.57215 0.86094 11 0 0 211
TRACK:  9 -0.224119 0.579085 0.634102 11 1 0 -211
EVENT: 12 2 1
VERTEX: 0 0 0 0 1 0 0 2
TRACK:  9 -0.599981 0.0696505 17.2592 12 0 0 -211
TRACK:  8 0.610064 -0.063765 11.6339 12 1 0 211
EVENT: 13 2 1
VERTEX: 0 0 0 0 1 0 0 2
TRACK:  8 0.0603724 -0.497548 9.55304 13 0 0 211
TRACK:  9 -0.0853767 0.521492 34.4241 13 1 0 -211
EVENT: 14 2 1
VERTEX: 0 0 0 0 1 0 0 2
TRACK:  9 0.461661 0.19907 23.3885 14 0 0 -211
TRACK:  8 -0.495765 -0.187693 7.23509 14 1 0 211
EVENT: 15 2 1
VERTEX: 0 0 0 0 1 0 0 2
TRACK:  9 -0.570083 0.0524712 3.4094 15 0 0 -211
TRACK:  8 0.553759 -0.0347116 8.021 15 1 0 211
EVENT: 16 2 1
VERTEX: 0 0 0 0 1 0 0 2
TRACK:  9 0.623533 0.157683 0.80746 16 0 0 -211
TRACK:  8 -0.579902 -0.13684 0.953261 16 1 0 211
EVENT: 17 2 1
VERTEX: 0 0 0 0 1 0 0 2
TRACK:  8 0.168147 0.586656 -0.29315 17 0 0 211
TRACK:  9 -0.121849 -0.580709 -0.681633 17 1 0 -211
EVENT: 18 2 1
VERTEX: 0 0 0 0 1 0 0 2
TRACK:  9 -0.608547 -0.114244 -9.8297 18 0 0 -211
TRACK:  8 0.607651 0.132899 -8.59452 18 1 0 211
EVENT: 19 2 1
VERTEX: 0 0 0 0 1 0 0 2
TRACK:  8 0.595568 -0.172302 62.672 19 0 0 211
TRACK:  9 -0.575013 0.190666 43.6303 19 1 0 -211
EVENT: 20 2 1
VERTEX: 0 0 0 0 1 0 0 2
TRACK:  8 -0.0192001 -0.476784 16.0638 20 0 0 211
TRACK:  9 0.00326006 0.55821 5.46841 20 1 0 -211
EVENT: 21 2 1
VERTEX: 0 0 0 0 1 0 0 2
TRACK:  9 -0.116818 0.599217 5.60268 21 0 0 -211
TRACK:  8 0.15139 -0.589063 3.72024 21 1 0 211
EVENT: 22 2 1
VERTEX: 0 0 0 0 1 0 0 2
TRACK:  9 0.0718585 0.617006 1.65458 22 0 0 -211
TRACK:  8 -0.051714 -0.619311 1.84484 22 1 0 211
