EVENT: 1 4 1
VERTEX: 0 0 0 0 1 0 0 4
TRACK:  9 -0.488932 -1.43819 -2.82015 1 0 0 -211
TRACK:  9 1.57738 2.64364 0.274874 1 1 0 -211
TRACK:  8 0.107742 -0.946538 -0.0126053 1 2 0 211
TRACK:  8 -1.12798 -0.158232 1.09152 1 3 0 211
EVENT: 2 4 1
VERTEX: 0 0 0 0 1 0 0 4
TRACK:  9 -0.153154 0.658539 -0.307592 2 0 0 -211
TRACK:  9 0.0995818 0.0512785 0.078432 2 1 0 -211
TRACK:  8 0.448055 -0.485317 -1.14326 2 2 0 211
TRACK:  8 -0.397115 -0.268324 0.261441 2 3 0 211
EVENT: 3 4 1
VERTEX: 0 0 0 0 1 0 0 4
TRACK:  9 -0.451691 -1.12775 2.42087 3 0 0 -211
TRACK:  9 -2.13341 2.09474 4.25243 3 1 0 -211
TRACK:  8 1.87071 -0.594077 0.563156 3 2 0 211
TRACK:  8 0.781985 -0.356368 3.64841 3 3 0 211
EVENT: 4 4 1
VERTEX: 0 0 0 0 1 0 0 4
TRACK:  9 -0.104408 0.177842 -0.416021 4 0 0 -211
TRACK:  9 -0.611575 0.179521 -0.191244 4 1 0 -211
TRACK:  8 0.877922 -0.746734 1.04423 4 2 0 211
TRACK:  8 -0.124969 0.345144 0.275651 4 3 0 211
EVENT: 5 4 1
VERTEX: 0 0 0 0 1 0 0 4
TRACK:  9 0.035625 -0.121607 -0.102621 5 0 0 -211
TRACK:  9 -0.624219 -0.168689 -1.15829 5 1 0 -211
TRACK:  8 0.234027 0.411004 -0.940323 5 2 0 211
TRACK:  8 0.364692 -0.0116047 -1.30577 5 3 0 211
EVENT: 6 4 1
VERTEX: 0 0 0 0 1 0 0 4
TRACK:  9 -0.0627242 0.256929 -0.126302 6 0 0 -211
TRACK:  9 0.143909 -0.244817 -0.0562862 6 1 0 -211
TRACK:  8 0.116191 0.092357 0.138973 6 2 0 211
TRACK:  8 -0.195334 -0.154879 0.151853 6 3 0 211
EVENT: 7 4 1
VERTEX: 0 0 0 0 1 0 0 4
TRACK:  9 -0.20891 0.163142 0.0477694 7 0 0 -211
TRACK:  9 -0.171065 -0.407961 -0.63301 7 1 0 -211
TRACK:  8 0.513308 0.0814137 0.551194 7 2 0 211
TRACK:  8 -0.138942 0.0481318 -0.193711 7 3 0 211
EVENT: 8 4 1
VERTEX: 0 0 0 0 1 0 0 4
TRACK:  9 -0.653643 0.479733 -1.65866 8 0 0 -211
TRACK:  9 0.256716 0.32307 -0.102707 8 1 0 -211
TRACK:  8 0.553216 -0.840602 -0.211765 8 2 0 211
TRACK:  8 -0.173342 -0.0579386 0.433068 8 3 0 211
EVENT: 9 4 1
VERTEX: 0 0 0 0 1 0 0 4
TRACK:  9 0.656923 -0.0906512 0.586249 9 0 0 -211
TRACK:  9 -0.57566 0.0352837 1.06254 9 1 0 -211
TRACK:  8 -0.164032 0.29121 0.527871 9 2 0 211
TRACK:  8 0.0305454 -0.196546 0.521473 9 3 0 211
EVENT: 10 4 1
VERTEX: 0 0 0 0 1 0 0 4
TRACK:  9 -0.0996214 -0.286892 0.0227472 10 0 0 -211
TRACK:  9 -0.62038 0.0655135 0.774452 10 1 0 -211
TRACK:  8 -0.182564 0.101714 0.153799 10 2 0 211
TRACK:  8 0.918916 0.0593773 0.0202389 10 3 0 211
EVENT: 11 4 1
VERTEX: 0 0 0 0 1 0 0 4
TRACK:  9 0.130252 0.563213 -0.33761 11 0 0 -211
TRACK:  9 -0.244404 -0.0339936 0.20597 11 1 0 -211
TRACK:  8 0.212247 -0.101492 0.316586 11 2 0 211
TRACK:  8 -0.129415 -0.38842 -0.441572 11 3 0 211
EVENT: 12 4 1
VERTEX: 0 0 0 0 1 0 0 4
TRACK:  9 1.30718 -0.761063 -3.15477 12 0 0 -211
TRACK:  9 -0.526647 0.155926 -0.481234 12 1 0 -211
TRACK:  8 -0.551744 0.3254 -0.36258 12 2 0 211
TRACK:  8 -0.294034 0.296092 -0.238691 12 3 0 211
